2026-01-01 00:59:50,918 - INFO - Starting Ramah News Fetcher
2026-01-01 00:59:50,924 - INFO - Checking feed: http://feeds.bbci.co.uk/news/rss.xml
2026-01-01 00:59:52,038 - INFO - Found good news: Queen praises Hunt family for their bravery after triple murders (Score: 0.3818)
2026-01-01 00:59:52,261 - INFO - Found good news: Heated Rivalry author says TV success led to help with her Parkinson's (Score: 0.7506)
2026-01-01 00:59:52,340 - INFO - Found good news: Gold and silver see rollercoaster end to blockbuster year (Score: 0.5994)
2026-01-01 00:59:52,414 - INFO - Found good news: Some of the best TV in years is to come (Score: 0.6369)
2026-01-01 00:59:52,493 - INFO - Found good news: Watch: Underwater chess champions compete for world title (Score: 0.5267)
2026-01-01 00:59:52,578 - INFO - Found good news: 'I've had wonderful support from women', says incoming Archbishop of Canterbury (Score: 0.7506)
2026-01-01 00:59:52,658 - INFO - Found good news: Sir David Attenborough shares his life in sound (Score: 0.296)
2026-01-01 00:59:52,743 - INFO - Found good news: Victoria Wood serves up a large helping of festive comedy (Score: 0.7717)
2026-01-01 00:59:52,845 - INFO - Found good news: 'Are you sure?' - Guardiola questions two-horse race (Score: 0.3182)
2026-01-01 00:59:52,919 - INFO - Found good news: Who was the best men's footballer in 2025? (Score: 0.6369)
2026-01-01 00:59:52,997 - INFO - Found good news: Living the dream - Hood plans to open Chinese with Ally Pally winnings (Score: 0.6705)
2026-01-01 00:59:53,078 - INFO - Found good news: Who will win what in 2026? Make your predictions (Score: 0.5859)
2026-01-01 00:59:53,152 - INFO - Found good news: 'That is divine!' - watch every PL goal of the month winnner from 2025 (Score: 0.5983)
2026-01-01 00:59:53,223 - INFO - Checking feed: https://www.abc.net.au/news/feed/45910/rss.xml
2026-01-01 00:59:53,359 - INFO - Found good news: How a 'silly mistake' cost these men Sydney to Hobart glory (Score: 0.296)
2026-01-01 00:59:53,469 - INFO - Found good news: 'I am so happy': Crowd celebrates Thailand's release of Cambodian soldiers (Score: 0.8659)
2026-01-01 00:59:53,685 - INFO - Found good news: Felix hoping to start 2026 with a bang at Aus Open (Score: 0.4215)
2026-01-01 00:59:53,829 - INFO - Checking feed: https://www.theguardian.com/world/rss
2026-01-01 00:59:53,941 - INFO - Found good news: Jair Bolsonaro undergoes second procedure to treat persistent hiccups (Score: 0.4019)
2026-01-01 00:59:54,036 - INFO - Found good news: ‘Tonga is not a threat’: anger as small Pacific nation falls under Trump visa restrictions (Score: 0.4585)
2026-01-01 00:59:54,108 - INFO - Found good news: UAE promises to withdraw forces from Yemen after bombing by Saudi Arabia (Score: 0.3818)
2026-01-01 00:59:54,188 - INFO - Found good news: New year revellers told to wrap up warm with snow expected across UK (Score: 0.2263)
2026-01-01 00:59:54,814 - INFO - Saved 20 new positive stories.
2026-01-01 01:00:42,338 - INFO - Starting Ramah News Fetcher
2026-01-01 01:00:42,344 - INFO - Checking feed: http://feeds.bbci.co.uk/news/rss.xml
2026-01-01 01:00:43,022 - INFO - Found good news: Queen praises Hunt family for their bravery after triple murders (Score: 0.3818)
2026-01-01 01:00:43,119 - INFO - Found good news: Heated Rivalry author says TV success led to help with her Parkinson's (Score: 0.7506)
2026-01-01 01:00:43,194 - INFO - Found good news: Gold and silver see rollercoaster end to blockbuster year (Score: 0.5994)
2026-01-01 01:00:43,269 - INFO - Found good news: Watch: Underwater chess champions compete for world title (Score: 0.5267)
2026-01-01 01:00:43,344 - INFO - Found good news: Some of the best TV in years is to come (Score: 0.6369)
2026-01-01 01:00:43,425 - INFO - Found good news: 'I've had wonderful support from women', says incoming Archbishop of Canterbury (Score: 0.7506)
2026-01-01 01:00:43,515 - INFO - Found good news: Sir David Attenborough shares his life in sound (Score: 0.296)
2026-01-01 01:00:43,584 - INFO - Found good news: Victoria Wood serves up a large helping of festive comedy (Score: 0.7717)
2026-01-01 01:00:43,680 - INFO - Found good news: 'Are you sure?' - Guardiola questions two-horse race (Score: 0.3182)
2026-01-01 01:00:43,752 - INFO - Found good news: Who was the best men's footballer in 2025? (Score: 0.6369)
2026-01-01 01:00:43,826 - INFO - Found good news: Living the dream - Hood plans to open Chinese with Ally Pally winnings (Score: 0.6705)
2026-01-01 01:00:43,902 - INFO - Found good news: Who will win what in 2026? Make your predictions (Score: 0.5859)
2026-01-01 01:00:43,980 - INFO - Found good news: 'That is divine!' - watch every PL goal of the month winnner from 2025 (Score: 0.5983)
2026-01-01 01:00:44,054 - INFO - Checking feed: https://www.abc.net.au/news/feed/45910/rss.xml
2026-01-01 01:00:44,160 - INFO - Found good news: How a 'silly mistake' cost these men Sydney to Hobart glory (Score: 0.296)
2026-01-01 01:00:44,274 - INFO - Found good news: 'I am so happy': Crowd celebrates Thailand's release of Cambodian soldiers (Score: 0.8659)
2026-01-01 01:00:44,365 - INFO - Found good news: Felix hoping to start 2026 with a bang at Aus Open (Score: 0.4215)
2026-01-01 01:00:44,483 - INFO - Checking feed: https://www.theguardian.com/world/rss
2026-01-01 01:00:44,592 - INFO - Found good news: Jair Bolsonaro undergoes second procedure to treat persistent hiccups (Score: 0.4019)
2026-01-01 01:00:44,689 - INFO - Found good news: ‘Tonga is not a threat’: anger as small Pacific nation falls under Trump visa restrictions (Score: 0.4585)
2026-01-01 01:00:44,753 - INFO - Found good news: UAE promises to withdraw forces from Yemen after bombing by Saudi Arabia (Score: 0.3818)
2026-01-01 01:00:44,830 - INFO - Found good news: New year revellers told to wrap up warm with snow expected across UK (Score: 0.2263)
2026-01-01 01:00:44,909 - INFO - Saved 20 new positive stories.
2026-01-01 01:01:17,016 - INFO - Starting Ramah News Fetcher
2026-01-01 01:01:17,022 - INFO - Checking feed: http://feeds.bbci.co.uk/news/rss.xml
2026-01-01 01:01:17,585 - INFO - Found good news: Queen praises Hunt family for their bravery after triple murders (Score: 0.3818)
2026-01-01 01:01:17,698 - INFO - Found good news: Heated Rivalry author says TV success led to help with her Parkinson's (Score: 0.7506)
2026-01-01 01:01:17,771 - INFO - Found good news: Gold and silver see rollercoaster end to blockbuster year (Score: 0.5994)
2026-01-01 01:01:17,871 - INFO - Found good news: Watch: Underwater chess champions compete for world title (Score: 0.5267)
2026-01-01 01:01:17,947 - INFO - Found good news: Some of the best TV in years is to come (Score: 0.6369)
2026-01-01 01:01:18,030 - INFO - Found good news: 'I've had wonderful support from women', says incoming Archbishop of Canterbury (Score: 0.7506)
2026-01-01 01:01:18,108 - INFO - Found good news: Sir David Attenborough shares his life in sound (Score: 0.296)
2026-01-01 01:01:18,169 - INFO - Found good news: Victoria Wood serves up a large helping of festive comedy (Score: 0.7717)
2026-01-01 01:01:18,268 - INFO - Found good news: 'Are you sure?' - Guardiola questions two-horse race (Score: 0.3182)
2026-01-01 01:01:18,345 - INFO - Found good news: Who was the best men's footballer in 2025? (Score: 0.6369)
2026-01-01 01:01:18,453 - INFO - Found good news: Living the dream - Hood plans to open Chinese with Ally Pally winnings (Score: 0.6705)
2026-01-01 01:01:18,525 - INFO - Found good news: Who will win what in 2026? Make your predictions (Score: 0.5859)
2026-01-01 01:01:18,601 - INFO - Found good news: 'That is divine!' - watch every PL goal of the month winnner from 2025 (Score: 0.5983)
2026-01-01 01:01:18,673 - INFO - Checking feed: https://www.abc.net.au/news/feed/45910/rss.xml
2026-01-01 01:01:18,783 - INFO - Found good news: How a 'silly mistake' cost these men Sydney to Hobart glory (Score: 0.296)
2026-01-01 01:01:18,884 - INFO - Found good news: 'I am so happy': Crowd celebrates Thailand's release of Cambodian soldiers (Score: 0.8659)
2026-01-01 01:01:19,005 - INFO - Found good news: Felix hoping to start 2026 with a bang at Aus Open (Score: 0.4215)
2026-01-01 01:01:19,306 - INFO - Checking feed: https://www.theguardian.com/world/rss
2026-01-01 01:01:19,432 - INFO - Found good news: Jair Bolsonaro undergoes second procedure to treat persistent hiccups (Score: 0.4019)
2026-01-01 01:01:19,527 - INFO - Found good news: ‘Tonga is not a threat’: anger as small Pacific nation falls under Trump visa restrictions (Score: 0.4585)
2026-01-01 01:01:19,598 - INFO - Found good news: UAE promises to withdraw forces from Yemen after bombing by Saudi Arabia (Score: 0.3818)
2026-01-01 01:01:19,680 - INFO - Found good news: New year revellers told to wrap up warm with snow expected across UK (Score: 0.2263)
2026-01-01 01:01:20,122 - INFO - Saved 20 new positive stories.
2026-01-01 01:48:09,530 - INFO - Starting Ramah News Fetcher
2026-01-01 01:48:09,536 - INFO - Checking feed: http://feeds.bbci.co.uk/news/rss.xml
2026-01-01 01:48:10,184 - INFO - Found good news: I am so lucky to be alive after crowbar rampage (Score: 0.7365)
2026-01-01 01:48:10,305 - INFO - Found good news: Swashbuckling Puss embarks on a brave quest (Score: 0.5267)
2026-01-01 01:48:10,428 - INFO - Checking feed: https://www.abc.net.au/news/feed/45910/rss.xml
2026-01-01 01:48:10,554 - INFO - Checking feed: https://www.theguardian.com/world/rss
2026-01-01 01:48:10,707 - INFO - Saved 2 new positive stories.
2026-01-01 01:50:07,544 - INFO - Starting Ramah News Fetcher
2026-01-01 01:50:07,552 - INFO - Checking feed: http://feeds.bbci.co.uk/news/rss.xml
2026-01-01 01:50:08,227 - INFO - Checking feed: https://www.abc.net.au/news/feed/45910/rss.xml
2026-01-01 01:50:08,377 - INFO - Checking feed: https://www.theguardian.com/world/rss
2026-01-01 01:50:08,483 - INFO - No new positive stories found.
2026-01-01 01:50:55,324 - INFO - Starting Ramah News Fetcher
2026-01-01 01:50:55,330 - INFO - Checking feed: http://feeds.bbci.co.uk/news/rss.xml
2026-01-01 01:50:55,943 - INFO - Found good news: Hunt family bravery prompted me to share assault story, says Queen (Score: 0.1531)
2026-01-01 01:50:56,088 - INFO - Checking feed: https://www.abc.net.au/news/feed/45910/rss.xml
2026-01-01 01:50:56,176 - INFO - Checking feed: https://www.theguardian.com/world/rss
2026-01-01 01:50:56,301 - INFO - Saved 1 new positive stories.
2026-01-01 01:54:38,414 - INFO - Archived 2 new stories to data_test/old_news.json.
2026-01-01 02:13:48,305 - INFO - Starting Ramah News Fetcher
2026-01-01 02:13:48,311 - INFO - Checking feed: http://feeds.bbci.co.uk/news/rss.xml
2026-01-01 02:13:48,626 - INFO - Checking feed: https://www.abc.net.au/news/feed/45910/rss.xml
2026-01-01 02:13:48,751 - INFO - Checking feed: https://www.theguardian.com/world/rss
2026-01-01 02:13:48,869 - INFO - Checking feed: http://feeds.reuters.com/Reuters/worldNews
2026-01-01 02:13:48,911 - ERROR - Error parsing feed http://feeds.reuters.com/Reuters/worldNews: <urlopen error [Errno 8] nodename nor servname provided, or not known>
2026-01-01 02:13:48,911 - INFO - Checking feed: https://www.sbs.com.au/news/feed
2026-01-01 02:13:49,021 - INFO - Found good news: Israel to halt operation of more than 30 Gaza aid organisations (Mean Score: 0.2500, VADER: 0.0000, TextBlob: 0.5000)
2026-01-01 02:13:49,123 - INFO - Found good news: Tim hopes a treechange will help him save a house deposit. He's not alone (Mean Score: 0.4285, VADER: 0.8570, TextBlob: 0.0000)
2026-01-01 02:13:49,243 - INFO - Found good news: 'My soul asked me to do that': Bondi hero Ahmed Al-Ahmed recounts moment of bravery (Mean Score: 0.3891, VADER: 0.7783, TextBlob: 0.0000)
2026-01-01 02:13:49,358 - INFO - Checking feed: https://feeds.arstechnica.com/arstechnica/index
2026-01-01 02:13:49,476 - INFO - Found good news: Supply chains, AI, and the cloud: The biggest failures (and one success) of 2025 (Mean Score: 0.2389, VADER: 0.1779, TextBlob: 0.3000)
2026-01-01 02:13:51,359 - INFO - Found good news: The 10 best vehicles Ars Technica drove in 2025 (Mean Score: 0.8185, VADER: 0.6369, TextBlob: 1.0000)
2026-01-01 02:13:52,950 - INFO - Saved 23 stories to data/good_news.json.
2026-01-01 02:17:28,974 - INFO - Starting Ramah News Fetcher
2026-01-01 02:17:28,980 - INFO - Checking feed: http://feeds.bbci.co.uk/news/rss.xml
2026-01-01 02:17:29,615 - INFO - Checking feed: https://www.abc.net.au/news/feed/45910/rss.xml
2026-01-01 02:17:29,770 - INFO - Checking feed: https://www.theguardian.com/world/rss
2026-01-01 02:17:29,892 - INFO - Found good news: €1m Picasso portrait up for grabs for €100 in charity auction (Mean Score: 0.2107, VADER: 0.4215, TextBlob: 0.0000)
2026-01-01 02:17:30,249 - INFO - Checking feed: https://www.sbs.com.au/news/feed
2026-01-01 02:17:30,427 - INFO - Checking feed: https://feeds.arstechnica.com/arstechnica/index
2026-01-01 02:17:30,557 - INFO - Checking feed: https://feedx.net/rss/ap.xml
2026-01-01 02:17:31,590 - ERROR - Error parsing feed https://feedx.net/rss/ap.xml: document declared as us-ascii, but parsed as utf-8
2026-01-01 02:17:31,591 - INFO - Checking feed: https://feeds.npr.org/1001/rss.xml
2026-01-01 02:17:31,774 - INFO - Found good news: Greetings from Vienna, where an imperial palace hosts a holiday market for all (Mean Score: 0.3352, VADER: 0.6705, TextBlob: 0.0000)
2026-01-01 02:17:32,604 - INFO - Found good news: Out with the mayo: How Ukrainians reclaim holiday food (Mean Score: 0.2009, VADER: 0.4019, TextBlob: 0.0000)
2026-01-01 02:17:33,536 - INFO - Saved 26 stories to data/good_news.json.
2026-01-01 02:26:10,147 - INFO - Starting Ramah News Fetcher
2026-01-01 02:26:10,153 - INFO - Checking feed: http://feeds.bbci.co.uk/news/rss.xml
2026-01-01 02:26:10,919 - INFO - Found good news: Nurse 'lucky to be alive' after crowbar attack at hospital (Mean Score: 0.2674, VADER: 0.3182, TextBlob: 0.2167)
2026-01-01 02:26:11,042 - INFO - Checking feed: https://www.abc.net.au/news/feed/45910/rss.xml
2026-01-01 02:26:11,210 - INFO - Checking feed: https://www.theguardian.com/world/rss
2026-01-01 02:26:11,344 - INFO - Checking feed: https://www.sbs.com.au/news/feed
2026-01-01 02:26:11,468 - ERROR - Error fetching feed https://www.sbs.com.au/news/feed: 403 Client Error: Forbidden for url: https://www.sbs.com.au/news/feed
2026-01-01 02:26:11,468 - INFO - Checking feed: https://feeds.arstechnica.com/arstechnica/index
2026-01-01 02:26:11,622 - INFO - Checking feed: https://feedx.net/rss/ap.xml
2026-01-01 02:26:12,807 - INFO - Checking feed: https://feeds.npr.org/1001/rss.xml
2026-01-01 02:26:14,173 - INFO - Saved 26 stories to data/good_news.json.
2026-01-01 02:26:29,203 - INFO - Starting Ramah News Fetcher
2026-01-01 02:26:29,209 - INFO - Checking feed: http://feeds.bbci.co.uk/news/rss.xml
2026-01-01 02:26:29,876 - INFO - Checking feed: https://www.abc.net.au/news/feed/45910/rss.xml
2026-01-01 02:26:29,944 - INFO - Checking feed: https://www.theguardian.com/world/rss
2026-01-01 02:26:30,033 - INFO - Checking feed: https://www.sbs.com.au/news/feed
2026-01-01 02:26:30,107 - INFO - Checking feed: https://feeds.arstechnica.com/arstechnica/index
2026-01-01 02:26:30,179 - INFO - Checking feed: https://feedx.net/rss/ap.xml
2026-01-01 02:26:31,130 - INFO - Checking feed: https://feeds.npr.org/1001/rss.xml
2026-01-01 02:26:31,193 - INFO - No new positive stories found.
2025-12-31 15:33:57,880 - INFO - Starting Ramah News Fetcher
2025-12-31 15:33:57,888 - INFO - Checking feed: http://feeds.bbci.co.uk/news/rss.xml
2025-12-31 15:33:58,336 - INFO - Checking feed: https://www.abc.net.au/news/feed/45910/rss.xml
2025-12-31 15:33:58,940 - INFO - Checking feed: https://www.theguardian.com/world/rss
2025-12-31 15:33:59,207 - INFO - Found good news: New British passport to feature king’s coat of arms and enhanced security (Mean Score: 0.2041, VADER: 0.3400, TextBlob: 0.0682)
2025-12-31 15:33:59,355 - INFO - Checking feed: https://www.sbs.com.au/news/feed
2025-12-31 15:33:59,784 - INFO - Checking feed: https://feeds.arstechnica.com/arstechnica/index
2025-12-31 15:33:59,958 - INFO - Checking feed: https://feedx.net/rss/ap.xml
2025-12-31 15:34:00,278 - INFO - Checking feed: https://feeds.npr.org/1001/rss.xml
2025-12-31 15:34:00,655 - INFO - Saved 27 stories to data/good_news.json.
2025-12-31 16:04:42,054 - INFO - Starting Ramah News Fetcher
2025-12-31 16:04:42,062 - INFO - Checking feed: http://feeds.bbci.co.uk/news/rss.xml
2025-12-31 16:04:42,339 - INFO - Found good news: Watch: Stunning celestial events that lit up the skies in 2025 (Mean Score: 0.4409, VADER: 0.3818, TextBlob: 0.5000)
2025-12-31 16:04:42,475 - INFO - Checking feed: https://www.abc.net.au/news/feed/45910/rss.xml
2025-12-31 16:04:42,871 - INFO - Checking feed: https://www.theguardian.com/world/rss
2025-12-31 16:04:43,015 - INFO - Found good news: ITV agrees to invest £3m in fitness app created by Joe Wicks (Mean Score: 0.2997, VADER: 0.5994, TextBlob: 0.0000)
2025-12-31 16:04:43,191 - INFO - Checking feed: https://www.sbs.com.au/news/feed
2025-12-31 16:04:43,744 - INFO - Checking feed: https://feeds.arstechnica.com/arstechnica/index
2025-12-31 16:04:43,861 - INFO - Checking feed: https://feedx.net/rss/ap.xml
2025-12-31 16:04:44,062 - INFO - Checking feed: https://feeds.npr.org/1001/rss.xml
2025-12-31 16:04:44,159 - INFO - Saved 29 stories to docs/good_news.json.
2025-12-31 16:17:44,967 - INFO - Starting Ramah News Fetcher
2025-12-31 16:17:44,976 - INFO - Checking feed: http://feeds.bbci.co.uk/news/rss.xml
2025-12-31 16:17:45,261 - INFO - Found good news: In pictures: New Year welcomed around the world (Mean Score: 0.2382, VADER: 0.3400, TextBlob: 0.1364)
2025-12-31 16:17:45,506 - INFO - Found good news: Teen jockey Loughnane breaks calendar year wins record on New Year's Eve (Mean Score: 0.3587, VADER: 0.5719, TextBlob: 0.1455)
2025-12-31 16:17:45,632 - INFO - Checking feed: https://www.abc.net.au/news/feed/45910/rss.xml
2025-12-31 16:17:46,068 - INFO - Checking feed: https://www.theguardian.com/world/rss
2025-12-31 16:17:46,199 - INFO - Checking feed: https://www.sbs.com.au/news/feed
2025-12-31 16:17:46,711 - INFO - Checking feed: https://feeds.arstechnica.com/arstechnica/index
2025-12-31 16:17:46,819 - INFO - Checking feed: https://feedx.net/rss/ap.xml
2025-12-31 16:17:47,076 - INFO - Checking feed: https://feeds.npr.org/1001/rss.xml
2025-12-31 16:17:47,419 - INFO - Saved 31 stories to docs/good_news.json.
2025-12-31 17:04:00,201 - INFO - Starting Ramah News Fetcher
2025-12-31 17:04:00,210 - INFO - Checking feed: http://feeds.bbci.co.uk/news/rss.xml
2025-12-31 17:04:00,662 - INFO - Checking feed: https://www.abc.net.au/news/feed/45910/rss.xml
2025-12-31 17:04:01,047 - INFO - Checking feed: https://www.theguardian.com/world/rss
2025-12-31 17:04:01,205 - INFO - Checking feed: https://www.sbs.com.au/news/feed
2025-12-31 17:04:01,689 - INFO - Checking feed: https://feeds.arstechnica.com/arstechnica/index
2025-12-31 17:04:01,803 - INFO - Checking feed: https://feedx.net/rss/ap.xml
2025-12-31 17:04:01,942 - INFO - Checking feed: https://feeds.npr.org/1001/rss.xml
2025-12-31 17:04:02,229 - INFO - No new positive stories found.
2025-12-31 18:05:42,341 - INFO - Starting Ramah News Fetcher
2025-12-31 18:05:42,350 - INFO - Checking feed: http://feeds.bbci.co.uk/news/rss.xml
2025-12-31 18:05:42,572 - INFO - Checking feed: https://www.abc.net.au/news/feed/45910/rss.xml
2025-12-31 18:05:43,019 - INFO - Checking feed: https://www.theguardian.com/world/rss
2025-12-31 18:05:43,336 - INFO - Checking feed: https://www.sbs.com.au/news/feed
2025-12-31 18:05:43,908 - INFO - Checking feed: https://feeds.arstechnica.com/arstechnica/index
2025-12-31 18:05:44,017 - INFO - Checking feed: https://feedx.net/rss/ap.xml
2025-12-31 18:05:44,267 - INFO - Checking feed: https://feeds.npr.org/1001/rss.xml
2025-12-31 18:05:44,596 - INFO - No new positive stories found.
2025-12-31 19:03:47,714 - INFO - Starting Ramah News Fetcher
2025-12-31 19:03:47,722 - INFO - Checking feed: http://feeds.bbci.co.uk/news/rss.xml
2025-12-31 19:03:48,007 - INFO - Found good news: McIlroy's omission from honours list questioned (Mean Score: 0.2107, VADER: 0.4215, TextBlob: 0.0000)
2025-12-31 19:03:48,246 - INFO - Checking feed: https://www.abc.net.au/news/feed/45910/rss.xml
2025-12-31 19:03:48,745 - INFO - Checking feed: https://www.theguardian.com/world/rss
2025-12-31 19:03:48,896 - INFO - Found good news: Greens’ Polanski prepared to work with Burnham but not Starmer ‘to stop Reform’ (Mean Score: 0.2090, VADER: 0.4180, TextBlob: 0.0000)
2025-12-31 19:03:49,125 - INFO - Checking feed: https://www.sbs.com.au/news/feed
2025-12-31 19:03:49,490 - INFO - Found good news: Tax, super, childcare, medicines and more: Your cheat sheet to big changes in 2026 (Mean Score: 0.2181, VADER: 0.1585, TextBlob: 0.2778)
2025-12-31 19:03:49,808 - INFO - Checking feed: https://feeds.arstechnica.com/arstechnica/index
2025-12-31 19:03:49,906 - INFO - Checking feed: https://feedx.net/rss/ap.xml
2025-12-31 19:03:50,451 - INFO - Checking feed: https://feeds.npr.org/1001/rss.xml
2025-12-31 19:03:50,517 - INFO - Saved 34 stories to docs/good_news.json.
2025-12-31 20:04:08,136 - INFO - Starting Ramah News Fetcher
2025-12-31 20:04:08,145 - INFO - Checking feed: http://feeds.bbci.co.uk/news/rss.xml
2025-12-31 20:04:08,458 - INFO - Checking feed: https://www.abc.net.au/news/feed/45910/rss.xml
2025-12-31 20:04:09,627 - INFO - Found good news: Quiz: How well prepared are you for what's coming in 2026? (Mean Score: 0.2294, VADER: 0.4588, TextBlob: 0.0000)
2025-12-31 20:04:10,338 - INFO - Found good news: 'Simply unprecedented': Israel banning dozens of charities from Gaza (Mean Score: 0.5470, VADER: 0.4939, TextBlob: 0.6000)
2025-12-31 20:04:11,124 - INFO - Found good news: Cabinet documents from one of Victoria's most influential governments released (Mean Score: 0.4964, VADER: 0.4927, TextBlob: 0.5000)
2025-12-31 20:04:11,750 - INFO - Found good news: Shower and tactical change helped Goolagong win first Australian Open (Mean Score: 0.4242, VADER: 0.5859, TextBlob: 0.2625)
2025-12-31 20:04:12,406 - INFO - Checking feed: https://www.theguardian.com/world/rss
2025-12-31 20:04:12,684 - INFO - Checking feed: https://www.sbs.com.au/news/feed
2025-12-31 20:04:13,454 - INFO - Checking feed: https://feeds.arstechnica.com/arstechnica/index
2025-12-31 20:04:13,675 - INFO - Checking feed: https://feedx.net/rss/ap.xml
2025-12-31 20:04:14,001 - INFO - Checking feed: https://feeds.npr.org/1001/rss.xml
2025-12-31 20:04:14,360 - INFO - Saved 38 stories to docs/good_news.json.
2025-12-31 21:03:54,134 - INFO - Starting Ramah News Fetcher
2025-12-31 21:03:54,142 - INFO - Checking feed: http://feeds.bbci.co.uk/news/rss.xml
2025-12-31 21:03:54,611 - INFO - Checking feed: https://www.abc.net.au/news/feed/45910/rss.xml
2025-12-31 21:03:55,181 - INFO - Found good news: Hong Kong welcomes 2026 without fireworks after fatal apartment blaze (Mean Score: 0.3378, VADER: 0.6757, TextBlob: 0.0000)
2025-12-31 21:03:55,333 - INFO - Found good news: Stranded travellers welcome in new year in the bush as floods cut roads (Mean Score: 0.3472, VADER: 0.2263, TextBlob: 0.4682)
2025-12-31 21:03:55,707 - INFO - Checking feed: https://www.theguardian.com/world/rss
2025-12-31 21:03:55,912 - INFO - Checking feed: https://www.sbs.com.au/news/feed
2025-12-31 21:03:56,413 - INFO - Checking feed: https://feeds.arstechnica.com/arstechnica/index
2025-12-31 21:03:56,804 - INFO - Checking feed: https://feedx.net/rss/ap.xml
2025-12-31 21:03:57,206 - INFO - Checking feed: https://feeds.npr.org/1001/rss.xml
2025-12-31 21:03:57,335 - INFO - Saved 40 stories to docs/good_news.json.
